Build started 28-11-2020 08:42:21.
     1>Project "C:\Users\sk\Desktop\speech\assignments\asgn4\204101057_lbg\204101057_lbg\204101057_lbg.vcxproj" on node 2 (build target(s)).
     1>InitializeBuildStatus:
         Creating "Debug\204101057_lbg.unsuccessfulbuild" because "AlwaysCreate" was specified.
       ClCompile:
         All outputs are up-to-date.
         C:\Program Files (x86)\Microsoft Visual Studio 10.0\VC\bin\CL.exe /c /ZI /nologo /W3 /WX- /Od /Oy- /D WIN32 /D _DEBUG /D _CONSOLE /D _UNICODE /D UNICODE /Gm /EHsc /RTC1 /MDd /GS /fp:precise /Zc:wchar_t /Zc:forScope /Yu"StdAfx.h" /Fp"Debug\204101057_lbg.pch" /Fo"Debug\\" /Fd"Debug\vc100.pdb" /Gd /TP /analyze- /errorReport:prompt 204101057_lbg.cpp
         204101057_lbg.cpp
     1>c:\users\sk\desktop\speech\assignments\asgn4\204101057_lbg\204101057_lbg\204101057_lbg.cpp(206): warning C4996: 'fopen': This function or variable may be unsafe. Consider using fopen_s instead. To disable deprecation, use _CRT_SECURE_NO_WARNINGS. See online help for details.
                 c:\program files (x86)\microsoft visual studio 10.0\vc\include\stdio.h(234) : see declaration of 'fopen'
       ManifestResourceCompile:
         All outputs are up-to-date.
       Link:
         C:\Program Files (x86)\Microsoft Visual Studio 10.0\VC\bin\link.exe /ERRORREPORT:PROMPT /OUT:"C:\Users\sk\Desktop\speech\assignments\asgn4\204101057_lbg\Debug\204101057_lbg.exe" /INCREMENTAL /NOLOGO kernel32.lib user32.lib gdi32.lib winspool.lib comdlg32.lib advapi32.lib shell32.lib ole32.lib oleaut32.lib uuid.lib odbc32.lib odbccp32.lib /MANIFEST /ManifestFile:"Debug\204101057_lbg.exe.intermediate.manifest" /MANIFESTUAC:"level='asInvoker' uiAccess='false'" /DEBUG /PDB:"C:\Users\sk\Desktop\speech\assignments\asgn4\204101057_lbg\Debug\204101057_lbg.pdb" /SUBSYSTEM:CONSOLE /TLBID:1 /DYNAMICBASE /NXCOMPAT /IMPLIB:"C:\Users\sk\Desktop\speech\assignments\asgn4\204101057_lbg\Debug\204101057_lbg.lib" /MACHINE:X86 Debug\204101057_lbg.exe.embed.manifest.res
         Debug\204101057_lbg.obj
         Debug\stdafx.obj
       Manifest:
         C:\Program Files (x86)\Microsoft SDKs\Windows\v7.0A\bin\mt.exe /nologo /verbose /out:"Debug\204101057_lbg.exe.embed.manifest" /manifest Debug\204101057_lbg.exe.intermediate.manifest
         All outputs are up-to-date.
       LinkEmbedManifest:
         All outputs are up-to-date.
         204101057_lbg.vcxproj -> C:\Users\sk\Desktop\speech\assignments\asgn4\204101057_lbg\Debug\204101057_lbg.exe
       FinalizeBuildStatus:
         Deleting file "Debug\204101057_lbg.unsuccessfulbuild".
         Touching "Debug\204101057_lbg.lastbuildstate".
     1>Done Building Project "C:\Users\sk\Desktop\speech\assignments\asgn4\204101057_lbg\204101057_lbg\204101057_lbg.vcxproj" (build target(s)).

Build succeeded.

Time Elapsed 00:00:03.09
