Build started 27-11-2020 13:51:18.
     1>Project "C:\Users\sk\Desktop\speech\assignments\asgn4\204101057_K_mean\204101057_K_mean\204101057_K_mean.vcxproj" on node 2 (build target(s)).
     1>InitializeBuildStatus:
         Creating "Debug\204101057_K_mean.unsuccessfulbuild" because "AlwaysCreate" was specified.
       ClCompile:
         C:\Program Files (x86)\Microsoft Visual Studio 10.0\VC\bin\CL.exe /c /ZI /nologo /W3 /WX- /Od /Oy- /D WIN32 /D _DEBUG /D _CONSOLE /D _UNICODE /D UNICODE /Gm /EHsc /RTC1 /MDd /GS /fp:precise /Zc:wchar_t /Zc:forScope /Yc"StdAfx.h" /Fp"Debug\204101057_K_mean.pch" /Fo"Debug\\" /Fd"Debug\vc100.pdb" /Gd /TP /analyze- /errorReport:prompt stdafx.cpp
         stdafx.cpp
         C:\Program Files (x86)\Microsoft Visual Studio 10.0\VC\bin\CL.exe /c /ZI /nologo /W3 /WX- /Od /Oy- /D WIN32 /D _DEBUG /D _CONSOLE /D _UNICODE /D UNICODE /Gm /EHsc /RTC1 /MDd /GS /fp:precise /Zc:wchar_t /Zc:forScope /Yu"StdAfx.h" /Fp"Debug\204101057_K_mean.pch" /Fo"Debug\\" /Fd"Debug\vc100.pdb" /Gd /TP /analyze- /errorReport:prompt 204101057_K_mean.cpp
         204101057_K_mean.cpp
     1>c:\users\sk\desktop\speech\assignments\asgn4\204101057_k_mean\204101057_k_mean\204101057_k_mean.cpp(42): warning C4244: 'argument' : conversion from 'time_t' to 'unsigned int', possible loss of data
     1>c:\users\sk\desktop\speech\assignments\asgn4\204101057_k_mean\204101057_k_mean\204101057_k_mean.cpp(186): warning C4996: 'fopen': This function or variable may be unsafe. Consider using fopen_s instead. To disable deprecation, use _CRT_SECURE_NO_WARNINGS. See online help for details.
                 c:\program files (x86)\microsoft visual studio 10.0\vc\include\stdio.h(234) : see declaration of 'fopen'
       ManifestResourceCompile:
         C:\Program Files (x86)\Microsoft SDKs\Windows\v7.0A\bin\rc.exe /nologo /fo"Debug\204101057_K_mean.exe.embed.manifest.res" Debug\204101057_K_mean_manifest.rc 
       Link:
         C:\Program Files (x86)\Microsoft Visual Studio 10.0\VC\bin\link.exe /ERRORREPORT:PROMPT /OUT:"C:\Users\sk\Desktop\speech\assignments\asgn4\204101057_K_mean\Debug\204101057_K_mean.exe" /INCREMENTAL /NOLOGO kernel32.lib user32.lib gdi32.lib winspool.lib comdlg32.lib advapi32.lib shell32.lib ole32.lib oleaut32.lib uuid.lib odbc32.lib odbccp32.lib /MANIFEST /ManifestFile:"Debug\204101057_K_mean.exe.intermediate.manifest" /MANIFESTUAC:"level='asInvoker' uiAccess='false'" /DEBUG /PDB:"C:\Users\sk\Desktop\speech\assignments\asgn4\204101057_K_mean\Debug\204101057_K_mean.pdb" /SUBSYSTEM:CONSOLE /TLBID:1 /DYNAMICBASE /NXCOMPAT /IMPLIB:"C:\Users\sk\Desktop\speech\assignments\asgn4\204101057_K_mean\Debug\204101057_K_mean.lib" /MACHINE:X86 Debug\204101057_K_mean.exe.embed.manifest.res
         Debug\204101057_K_mean.obj
         Debug\stdafx.obj
       Manifest:
         C:\Program Files (x86)\Microsoft SDKs\Windows\v7.0A\bin\mt.exe /nologo /verbose /out:"Debug\204101057_K_mean.exe.embed.manifest" /manifest Debug\204101057_K_mean.exe.intermediate.manifest
         All outputs are up-to-date.
       LinkEmbedManifest:
         All outputs are up-to-date.
         204101057_K_mean.vcxproj -> C:\Users\sk\Desktop\speech\assignments\asgn4\204101057_K_mean\Debug\204101057_K_mean.exe
       FinalizeBuildStatus:
         Deleting file "Debug\204101057_K_mean.unsuccessfulbuild".
         Touching "Debug\204101057_K_mean.lastbuildstate".
     1>Done Building Project "C:\Users\sk\Desktop\speech\assignments\asgn4\204101057_K_mean\204101057_K_mean\204101057_K_mean.vcxproj" (build target(s)).

Build succeeded.

Time Elapsed 00:00:01.55
