Build started 27-11-2020 13:47:55.
     1>Project "C:\Users\sk\Desktop\speech\assignments\asgn2\204101057_yes_no\204101057_yes_no\204101057_yes_no.vcxproj" on node 2 (build target(s)).
     1>InitializeBuildStatus:
         Creating "Debug\204101057_yes_no.unsuccessfulbuild" because "AlwaysCreate" was specified.
       ClCompile:
         C:\Program Files (x86)\Microsoft Visual Studio 10.0\VC\bin\CL.exe /c /ZI /nologo /W3 /WX- /Od /Oy- /D WIN32 /D _DEBUG /D _CONSOLE /D _UNICODE /D UNICODE /Gm /EHsc /RTC1 /MDd /GS /fp:precise /Zc:wchar_t /Zc:forScope /Yc"StdAfx.h" /Fp"Debug\204101057_yes_no.pch" /Fo"Debug\\" /Fd"Debug\vc100.pdb" /Gd /TP /analyze- /errorReport:prompt stdafx.cpp
         stdafx.cpp
         C:\Program Files (x86)\Microsoft Visual Studio 10.0\VC\bin\CL.exe /c /ZI /nologo /W3 /WX- /Od /Oy- /D WIN32 /D _DEBUG /D _CONSOLE /D _UNICODE /D UNICODE /Gm /EHsc /RTC1 /MDd /GS /fp:precise /Zc:wchar_t /Zc:forScope /Yu"StdAfx.h" /Fp"Debug\204101057_yes_no.pch" /Fo"Debug\\" /Fd"Debug\vc100.pdb" /Gd /TP /analyze- /errorReport:prompt 204101057_yes_no.cpp
         204101057_yes_no.cpp
     1>c:\users\sk\desktop\speech\assignments\asgn2\204101057_yes_no\204101057_yes_no\204101057_yes_no.cpp(36): warning C4244: 'initializing' : conversion from 'double' to 'int', possible loss of data
     1>c:\users\sk\desktop\speech\assignments\asgn2\204101057_yes_no\204101057_yes_no\204101057_yes_no.cpp(91): warning C4244: 'argument' : conversion from '__int64' to 'const int', possible loss of data
     1>c:\users\sk\desktop\speech\assignments\asgn2\204101057_yes_no\204101057_yes_no\204101057_yes_no.cpp(95): warning C4244: 'initializing' : conversion from '__int64' to 'int', possible loss of data
     1>c:\users\sk\desktop\speech\assignments\asgn2\204101057_yes_no\204101057_yes_no\204101057_yes_no.cpp(124): warning C4018: '<' : signed/unsigned mismatch
       ManifestResourceCompile:
         C:\Program Files (x86)\Microsoft SDKs\Windows\v7.0A\bin\rc.exe /nologo /fo"Debug\204101057_yes_no.exe.embed.manifest.res" Debug\204101057_yes_no_manifest.rc 
       Link:
         C:\Program Files (x86)\Microsoft Visual Studio 10.0\VC\bin\link.exe /ERRORREPORT:PROMPT /OUT:"C:\Users\sk\Desktop\speech\assignments\asgn2\204101057_yes_no\Debug\204101057_yes_no.exe" /INCREMENTAL /NOLOGO kernel32.lib user32.lib gdi32.lib winspool.lib comdlg32.lib advapi32.lib shell32.lib ole32.lib oleaut32.lib uuid.lib odbc32.lib odbccp32.lib /MANIFEST /ManifestFile:"Debug\204101057_yes_no.exe.intermediate.manifest" /MANIFESTUAC:"level='asInvoker' uiAccess='false'" /DEBUG /PDB:"C:\Users\sk\Desktop\speech\assignments\asgn2\204101057_yes_no\Debug\204101057_yes_no.pdb" /SUBSYSTEM:CONSOLE /TLBID:1 /DYNAMICBASE /NXCOMPAT /IMPLIB:"C:\Users\sk\Desktop\speech\assignments\asgn2\204101057_yes_no\Debug\204101057_yes_no.lib" /MACHINE:X86 Debug\204101057_yes_no.exe.embed.manifest.res
         Debug\204101057_yes_no.obj
         Debug\stdafx.obj
       Manifest:
         C:\Program Files (x86)\Microsoft SDKs\Windows\v7.0A\bin\mt.exe /nologo /verbose /out:"Debug\204101057_yes_no.exe.embed.manifest" /manifest Debug\204101057_yes_no.exe.intermediate.manifest
         All outputs are up-to-date.
       LinkEmbedManifest:
         All outputs are up-to-date.
         204101057_yes_no.vcxproj -> C:\Users\sk\Desktop\speech\assignments\asgn2\204101057_yes_no\Debug\204101057_yes_no.exe
       FinalizeBuildStatus:
         Deleting file "Debug\204101057_yes_no.unsuccessfulbuild".
         Touching "Debug\204101057_yes_no.lastbuildstate".
     1>Done Building Project "C:\Users\sk\Desktop\speech\assignments\asgn2\204101057_yes_no\204101057_yes_no\204101057_yes_no.vcxproj" (build target(s)).

Build succeeded.

Time Elapsed 00:00:01.49
